<?xml version="1.0" encoding="UTF-8"?>
<coverage generated="1668359806341" clover="3.2.0">
  <project timestamp="1668359806341" name="All files">
    <metrics statements="15" coveredstatements="13" conditionals="0" coveredconditionals="0" methods="5" coveredmethods="5" elements="20" coveredelements="18" complexity="0" loc="15" ncloc="15" packages="1" files="2" classes="2"/>
    <file name="handlers.js" path="C:\Users\alexm\Downloads\NODE_JS_PRACTICE\meadowlark\site\lib\handlers.js">
      <metrics statements="11" coveredstatements="9" conditionals="0" coveredconditionals="0" methods="4" coveredmethods="4"/>
      <line num="1" count="1" type="stmt"/>
      <line num="3" count="1" type="stmt"/>
      <line num="4" count="1" type="stmt"/>
      <line num="7" count="1" type="stmt"/>
      <line num="10" count="1" type="stmt"/>
      <line num="11" count="1" type="stmt"/>
      <line num="12" count="0" type="stmt"/>
      <line num="16" count="1" type="stmt"/>
      <line num="17" count="1" type="stmt"/>
      <line num="18" count="1" type="stmt"/>
      <line num="19" count="0" type="stmt"/>
    </file>
    <file name="randomText.js" path="C:\Users\alexm\Downloads\NODE_JS_PRACTICE\meadowlark\site\lib\randomText.js">
      <metrics statements="4" coveredstatements="4" conditionals="0" coveredconditionals="0" methods="1" coveredmethods="1"/>
      <line num="1" count="1" type="stmt"/>
      <line num="9" count="1" type="stmt"/>
      <line num="10" count="1" type="stmt"/>
      <line num="11" count="1" type="stmt"/>
    </file>
  </project>
</coverage>
